Using pre-set license
Built from '2020.3/staging' branch; Version is '2020.3.30f1 (1fb1bf06830e) revision 2077119'; Using compiler version '192528614'; Build Type 'Release'
OS: 'Windows 10  (10.0.19044) 64bit Professional' Language: 'es' Physical Memory: 16309 MB
BatchMode: 1, IsHumanControllingUs: 0, StartBugReporterOnCrash: 0, Is64bit: 1, IsPro: 0

COMMAND LINE ARGUMENTS:
C:\Program Files\Unity\Hub\Editor\2020.3.30f1\Editor\Unity.exe
-adb2
-batchMode
-noUpm
-name
AssetImportWorker0
-projectPath
E:/Documentos/Escuela/UPIIZ/semestre 8/Moviles2/Tareas/Mrjump/My project
-logFile
Logs/AssetImportWorker0.log
-srvPort
1037
Successfully changed project path to: E:/Documentos/Escuela/UPIIZ/semestre 8/Moviles2/Tareas/Mrjump/My project
E:/Documentos/Escuela/UPIIZ/semestre 8/Moviles2/Tareas/Mrjump/My project
Using Asset Import Pipeline V2.
Refreshing native plugins compatible for Editor in 52.02 ms, found 3 plugins.
Preloading 0 native plugins for Editor in 0.00 ms.
Initialize engine version: 2020.3.30f1 (1fb1bf06830e)
[Subsystems] Discovering subsystems at path C:/Program Files/Unity/Hub/Editor/2020.3.30f1/Editor/Data/Resources/UnitySubsystems
[Subsystems] Discovering subsystems at path E:/Documentos/Escuela/UPIIZ/semestre 8/Moviles2/Tareas/Mrjump/My project/Assets
GfxDevice: creating device client; threaded=0
Direct3D:
    Version:  Direct3D 11.0 [level 11.0]
    Renderer: NVIDIA Quadro K620 (ID=0x13bb)
    Vendor:   
    VRAM:     2007 MB
    Driver:   30.0.15.1179
Initialize mono
Mono path[0] = 'C:/Program Files/Unity/Hub/Editor/2020.3.30f1/Editor/Data/Managed'
Mono path[1] = 'C:/Program Files/Unity/Hub/Editor/2020.3.30f1/Editor/Data/MonoBleedingEdge/lib/mono/unityjit'
Mono config path = 'C:/Program Files/Unity/Hub/Editor/2020.3.30f1/Editor/Data/MonoBleedingEdge/etc'
Using monoOptions --debugger-agent=transport=dt_socket,embedding=1,server=y,suspend=n,address=127.0.0.1:56400
Begin MonoManager ReloadAssembly
Registering precompiled unity dll's ...
Register platform support module: C:/Program Files/Unity/Hub/Editor/2020.3.30f1/Editor/Data/PlaybackEngines/WebGLSupport/UnityEditor.WebGL.Extensions.dll
Register platform support module: C:/Program Files/Unity/Hub/Editor/2020.3.30f1/Editor/Data/PlaybackEngines/WindowsStandaloneSupport/UnityEditor.WindowsStandalone.Extensions.dll
Registered in 0.003663 seconds.
Native extension for WindowsStandalone target not found
Native extension for WebGL target not found
Refreshing native plugins compatible for Editor in 54.80 ms, found 3 plugins.
Preloading 0 native plugins for Editor in 0.00 ms.
Mono: successfully reloaded assembly
- Completed reload, in  0.717 seconds
Domain Reload Profiling:
	ReloadAssembly (717ms)
		BeginReloadAssembly (81ms)
			ExecutionOrderSort (0ms)
			DisableScriptedObjects (0ms)
			BackupInstance (0ms)
			ReleaseScriptingObjects (0ms)
			CreateAndSetChildDomain (1ms)
		EndReloadAssembly (543ms)
			LoadAssemblies (78ms)
			RebuildTransferFunctionScriptingTraits (0ms)
			SetupTypeCache (176ms)
			ReleaseScriptCaches (0ms)
			RebuildScriptCaches (31ms)
			SetupLoadedEditorAssemblies (199ms)
				LogAssemblyErrors (0ms)
				InitializePlatformSupportModulesInManaged (6ms)
				SetLoadedEditorAssemblies (0ms)
				RefreshPlugins (55ms)
				BeforeProcessingInitializeOnLoad (9ms)
				ProcessInitializeOnLoadAttributes (95ms)
				ProcessInitializeOnLoadMethodAttributes (34ms)
				AfterProcessingInitializeOnLoad (0ms)
				EditorAssembliesLoaded (0ms)
			ExecutionOrderSort2 (0ms)
			AwakeInstancesAfterBackupRestoration (0ms)
Platform modules already initialized, skipping
Registering precompiled user dll's ...
Registered in 0.002951 seconds.
Begin MonoManager ReloadAssembly
Native extension for WindowsStandalone target not found
Native extension for WebGL target not found
Refreshing native plugins compatible for Editor in 52.17 ms, found 3 plugins.
Preloading 0 native plugins for Editor in 0.00 ms.
Mono: successfully reloaded assembly
- Completed reload, in  1.300 seconds
Domain Reload Profiling:
	ReloadAssembly (1301ms)
		BeginReloadAssembly (189ms)
			ExecutionOrderSort (0ms)
			DisableScriptedObjects (6ms)
			BackupInstance (0ms)
			ReleaseScriptingObjects (0ms)
			CreateAndSetChildDomain (20ms)
		EndReloadAssembly (1033ms)
			LoadAssemblies (122ms)
			RebuildTransferFunctionScriptingTraits (0ms)
			SetupTypeCache (334ms)
			ReleaseScriptCaches (1ms)
			RebuildScriptCaches (51ms)
			SetupLoadedEditorAssemblies (390ms)
				LogAssemblyErrors (0ms)
				InitializePlatformSupportModulesInManaged (4ms)
				SetLoadedEditorAssemblies (0ms)
				RefreshPlugins (52ms)
				BeforeProcessingInitializeOnLoad (80ms)
				ProcessInitializeOnLoadAttributes (221ms)
				ProcessInitializeOnLoadMethodAttributes (21ms)
				AfterProcessingInitializeOnLoad (11ms)
				EditorAssembliesLoaded (0ms)
			ExecutionOrderSort2 (0ms)
			AwakeInstancesAfterBackupRestoration (8ms)
Platform modules already initialized, skipping
========================================================================
Worker process is ready to serve import requests
Launched and connected shader compiler UnityShaderCompiler.exe after 0.07 seconds
Refreshing native plugins compatible for Editor in 0.52 ms, found 3 plugins.
Preloading 0 native plugins for Editor in 0.00 ms.
Unloading 2196 Unused Serialized files (Serialized files now loaded: 0)
System memory in use before: 96.0 MB.
System memory in use after: 96.0 MB.

Unloading 31 unused Assets to reduce memory usage. Loaded Objects now: 2626.
Total: 3.560800 ms (FindLiveObjects: 0.196000 ms CreateObjectMapping: 0.053700 ms MarkObjects: 3.154400 ms  DeleteObjects: 0.155300 ms)

AssetImportParameters requested are different than current active one (requested -> active):
  custom:framework-win-MediaFoundation: 216162199b28c13a410421893ffa2e32 -> 
  custom:video-decoder-ogg-theora: a1e56fd34408186e4bbccfd4996cb3dc -> 
  custom:container-muxer-webm: aa71ff27fc2769a1b78a27578f13a17b -> 
  custom:container-demuxer-webm: 4f35f7cbe854078d1ac9338744f61a02 -> 
  custom:container-demuxer-ogg: 62fdf1f143b41e24485cea50d1cbac27 -> 
  custom:video-encoder-webm-vp8: eb34c28f22e8b96e1ab97ce403110664 -> 
  custom:video-decoder-webm-vp8: 9c59270c3fd7afecdb556c50c9e8de78 -> 
  custom:audio-decoder-ogg-vorbis: bf7c407c2cedff20999df2af8eb42d56 -> 
  custom:audio-encoder-webm-vorbis: bf7c407c2cedff20999df2af8eb42d56 -> 
========================================================================
Received Import Request.
  path: Assets/esenas
  artifactKey: Guid(18675568e2b161448b98a78fc236f792) Importer(815301076,1909f56bfc062723c751e8b465ee728b)
Start importing Assets/esenas using Guid(18675568e2b161448b98a78fc236f792) Importer(815301076,1909f56bfc062723c751e8b465ee728b)  -> (artifact id: 'd0be4ac01bf524543055b7dc1c5321a0') in 0.009702 seconds 
========================================================================
Received Import Request.
  Time since last request: 2.961483 seconds.
  path: Assets/esenas/SampleScene.unity
  artifactKey: Guid(2cda990e2423bbf4892e6590ba056729) Importer(815301076,1909f56bfc062723c751e8b465ee728b)
Start importing Assets/esenas/SampleScene.unity using Guid(2cda990e2423bbf4892e6590ba056729) Importer(815301076,1909f56bfc062723c751e8b465ee728b)  -> (artifact id: '15951d409a38219265f92fa3c69a968b') in 0.016901 seconds 
========================================================================
Received Import Request.
  Time since last request: 60.422471 seconds.
  path: Assets/Escenas/Nivel_05.unity
  artifactKey: Guid(2cda990e2423bbf4892e6590ba056729) Importer(815301076,1909f56bfc062723c751e8b465ee728b)
Start importing Assets/Escenas/Nivel_05.unity using Guid(2cda990e2423bbf4892e6590ba056729) Importer(815301076,1909f56bfc062723c751e8b465ee728b)  -> (artifact id: 'e119bbd166b0dfe02374b5eb06aa66b6') in 0.008423 seconds 
========================================================================
Received Import Request.
  Time since last request: 522.447938 seconds.
  path: Assets/Sprites/Montaña2.png
  artifactKey: Guid(28ff4c542dccb7e428a06a0eb01f7ed5) Importer(815301076,1909f56bfc062723c751e8b465ee728b)
Start importing Assets/Sprites/Montaña2.png using Guid(28ff4c542dccb7e428a06a0eb01f7ed5) Importer(815301076,1909f56bfc062723c751e8b465ee728b)  -> (artifact id: 'b4806f4799aeaed698fbd949e448af5f') in 0.148711 seconds 
========================================================================
Received Import Request.
  Time since last request: 0.428459 seconds.
  path: Assets/Sprites/Pad.png
  artifactKey: Guid(957fa394d87c0f04686768132a95f3c1) Importer(815301076,1909f56bfc062723c751e8b465ee728b)
Start importing Assets/Sprites/Pad.png using Guid(957fa394d87c0f04686768132a95f3c1) Importer(815301076,1909f56bfc062723c751e8b465ee728b)  -> (artifact id: '470767c8910ae5e8ebe7b977c57edd67') in 0.033572 seconds 
========================================================================
Received Import Request.
  Time since last request: 92.998168 seconds.
  path: Assets/Sprites/Sky.png
  artifactKey: Guid(92fcbde0f6ab31247ac7829d25acbabd) Importer(815301076,1909f56bfc062723c751e8b465ee728b)
Start importing Assets/Sprites/Sky.png using Guid(92fcbde0f6ab31247ac7829d25acbabd) Importer(815301076,1909f56bfc062723c751e8b465ee728b)  -> (artifact id: '875c6e1b4af35057b865acb2a33d48bc') in 0.016978 seconds 
========================================================================
Received Import Request.
  Time since last request: 0.451442 seconds.
  path: Assets/Sprites/triangulo.png
  artifactKey: Guid(e7321cc6b7a1bd1449f0ea68191501d5) Importer(815301076,1909f56bfc062723c751e8b465ee728b)
Start importing Assets/Sprites/triangulo.png using Guid(e7321cc6b7a1bd1449f0ea68191501d5) Importer(815301076,1909f56bfc062723c751e8b465ee728b)  -> (artifact id: '255a3058035b9e9791aa0af2dc6dd7eb') in 0.039355 seconds 
========================================================================
Received Import Request.
  Time since last request: 903.385854 seconds.
  path: Assets/Sprites/cuadro 0.png
  artifactKey: Guid(f6f8a4b9f24b61548bf06b8f268504b9) Importer(815301076,1909f56bfc062723c751e8b465ee728b)
Start importing Assets/Sprites/cuadro 0.png using Guid(f6f8a4b9f24b61548bf06b8f268504b9) Importer(815301076,1909f56bfc062723c751e8b465ee728b)  -> (artifact id: '744afb5b9b4b9cb140a06657de161617') in 0.018010 seconds 
========================================================================
Received Import Request.
  Time since last request: 171.672069 seconds.
  path: Assets/Sprites/cuadro 5.png
  artifactKey: Guid(0233f5eeb1e8b974a9918604118dade2) Importer(815301076,1909f56bfc062723c751e8b465ee728b)
Start importing Assets/Sprites/cuadro 5.png using Guid(0233f5eeb1e8b974a9918604118dade2) Importer(815301076,1909f56bfc062723c751e8b465ee728b)  -> (artifact id: '2e49219fb00b6ae39d2a4ea47313fd80') in 0.023728 seconds 
========================================================================
Received Import Request.
  Time since last request: 560.329325 seconds.
  path: Assets/Sprites/cuadro 6.png
  artifactKey: Guid(98280f8136a493e4a93dcee04da54b71) Importer(815301076,1909f56bfc062723c751e8b465ee728b)
Start importing Assets/Sprites/cuadro 6.png using Guid(98280f8136a493e4a93dcee04da54b71) Importer(815301076,1909f56bfc062723c751e8b465ee728b)  -> (artifact id: 'e80adda03c8b5c4e08638611cd7a38b6') in 0.420499 seconds 
========================================================================
Received Import Request.
  Time since last request: 0.817820 seconds.
  path: Assets/Sprites/cuadro 7.png
  artifactKey: Guid(01a8e45f7cad89349be04b24c4e1fbf8) Importer(815301076,1909f56bfc062723c751e8b465ee728b)
Start importing Assets/Sprites/cuadro 7.png using Guid(01a8e45f7cad89349be04b24c4e1fbf8) Importer(815301076,1909f56bfc062723c751e8b465ee728b)  -> (artifact id: 'a46b7c26ec3e1d71dd62866e5a1948ce') in 0.017523 seconds 
========================================================================
Received Import Request.
  Time since last request: 2430.314592 seconds.
  path: Assets/Sprites/float_pad.png
  artifactKey: Guid(3e3d14310c586e1469c57d9e7bc9dea0) Importer(815301076,1909f56bfc062723c751e8b465ee728b)
Start importing Assets/Sprites/float_pad.png using Guid(3e3d14310c586e1469c57d9e7bc9dea0) Importer(815301076,1909f56bfc062723c751e8b465ee728b)  -> (artifact id: '1a25d4594a21cb031d3e94326c4925d2') in 0.036012 seconds 
AssetImportWorkerClient::OnTransportError - code=2 error=End of file
